<?xml version="1.0" encoding="UTF-8"?>
<!-- Generated by org.testng.reporters.JUnitReportReporter -->
<testsuite hostname="MacBookPro.Dlink" failures="0" tests="1" name="com.deque.AutoAnalyzeModeTestbase" time="7.723" errors="0" timestamp="2025-05-08T12:29:33 IST" skipped="0">
  <testcase classname="com.deque.AutoAnalyzeModeTestbase" name="testWithRefreshMethod" time="7.723"/>
</testsuite> <!-- com.deque.AutoAnalyzeModeTestbase -->
